<?xml version="1.0" encoding="UTF-8"?>
<testsuite name="SecondStepOfIntegrationTest" tests="18" skipped="0" failures="0" errors="0" timestamp="2026-06-02T20:05:43" hostname="localhost" time="0.036">
  <properties/>
  <testcase name="[1] 3, 3, 3, EQUILATERAL" classname="SecondStepOfIntegrationTest" time="0.004"/>
  <testcase name="[2] 3, 3, 4, ISOSCELES" classname="SecondStepOfIntegrationTest" time="0.001"/>
  <testcase name="[3] 3, 4, 5, SCALENE|RIGHT_ANGLED" classname="SecondStepOfIntegrationTest" time="0.001"/>
  <testcase name="[4] 4, 5, 6, SCALENE" classname="SecondStepOfIntegrationTest" time="0.0"/>
  <testcase name="[5] 5, 3, 4, SCALENE|RIGHT_ANGLED" classname="SecondStepOfIntegrationTest" time="0.0"/>
  <testcase name="[6] 1, 2, 2, ISOSCELES" classname="SecondStepOfIntegrationTest" time="0.0"/>
  <testcase name="[7] 1, 2, 3, IMPOSSIBLE" classname="SecondStepOfIntegrationTest" time="0.0"/>
  <testcase name="[8] 0, 1, 1, IMPOSSIBLE" classname="SecondStepOfIntegrationTest" time="0.001"/>
  <testcase name="[9] -1, 2, 2, IMPOSSIBLE" classname="SecondStepOfIntegrationTest" time="0.001"/>
  <testcase name="[10] 20, 21, 29, SCALENE|RIGHT_ANGLED" classname="SecondStepOfIntegrationTest" time="0.0"/>
  <testcase name="[11] 30000, 40000, 50000, SCALENE|RIGHT_ANGLED" classname="SecondStepOfIntegrationTest" time="0.0"/>
  <testcase name="[12] 9, 10, 11, SCALENE" classname="SecondStepOfIntegrationTest" time="0.0"/>
  <testcase name="[1] 3, 4, 5" classname="SecondStepOfIntegrationTest" time="0.004"/>
  <testcase name="[2] 3, 3, 3" classname="SecondStepOfIntegrationTest" time="0.001"/>
  <testcase name="[3] 3, 3, 4" classname="SecondStepOfIntegrationTest" time="0.001"/>
  <testcase name="[4] 4, 5, 6" classname="SecondStepOfIntegrationTest" time="0.001"/>
  <testcase name="[5] 1, 2, 3" classname="SecondStepOfIntegrationTest" time="0.001"/>
  <testcase name="[6] 20, 21, 29" classname="SecondStepOfIntegrationTest" time="0.001"/>
  <system-out><![CDATA[]]></system-out>
  <system-err><![CDATA[]]></system-err>
</testsuite>
