<?xml version="1.0" encoding="UTF-8"?>
<testsuite name="FirstStepOfIntegrationTest" tests="9" skipped="0" failures="0" errors="0" timestamp="2026-06-02T20:05:42" hostname="localhost" time="1.046">
  <properties/>
  <testcase name="[1] 3, 3, 3, EQUILATERAL" classname="FirstStepOfIntegrationTest" time="1.017"/>
  <testcase name="[2] 3, 3, 4, ISOSCELES" classname="FirstStepOfIntegrationTest" time="0.002"/>
  <testcase name="[3] 3, 4, 5, SCALENE|RIGHT_ANGLED" classname="FirstStepOfIntegrationTest" time="0.002"/>
  <testcase name="[4] 4, 5, 6, SCALENE" classname="FirstStepOfIntegrationTest" time="0.001"/>
  <testcase name="[5] 5, 3, 4, SCALENE|RIGHT_ANGLED" classname="FirstStepOfIntegrationTest" time="0.002"/>
  <testcase name="[6] 1, 2, 2, ISOSCELES" classname="FirstStepOfIntegrationTest" time="0.001"/>
  <testcase name="[7] 1, 2, 3, IMPOSSIBLE" classname="FirstStepOfIntegrationTest" time="0.001"/>
  <testcase name="[8] 0, 1, 1, IMPOSSIBLE" classname="FirstStepOfIntegrationTest" time="0.002"/>
  <testcase name="[9] -1, 2, 2, IMPOSSIBLE" classname="FirstStepOfIntegrationTest" time="0.001"/>
  <system-out><![CDATA[]]></system-out>
  <system-err><![CDATA[]]></system-err>
</testsuite>
