<?xml version="1.0" encoding="UTF-8"?>
<testsuite name="RealRightAngleCheckerTest" tests="9" skipped="0" failures="0" errors="0" timestamp="2026-06-02T20:05:43" hostname="localhost" time="0.011">
  <properties/>
  <testcase name="[1] 3, 4, 5, true" classname="RealRightAngleCheckerTest" time="0.002"/>
  <testcase name="[2] 5, 3, 4, true" classname="RealRightAngleCheckerTest" time="0.0"/>
  <testcase name="[3] 5, 4, 3, true" classname="RealRightAngleCheckerTest" time="0.0"/>
  <testcase name="[4] 20, 21, 29, true" classname="RealRightAngleCheckerTest" time="0.0"/>
  <testcase name="[5] 30000, 40000, 50000, true" classname="RealRightAngleCheckerTest" time="0.001"/>
  <testcase name="[6] 3, 3, 3, false" classname="RealRightAngleCheckerTest" time="0.0"/>
  <testcase name="[7] 4, 5, 6, false" classname="RealRightAngleCheckerTest" time="0.0"/>
  <testcase name="[8] 1, 2, 2, false" classname="RealRightAngleCheckerTest" time="0.0"/>
  <testcase name="[9] 9, 10, 11, false" classname="RealRightAngleCheckerTest" time="0.0"/>
  <system-out><![CDATA[]]></system-out>
  <system-err><![CDATA[]]></system-err>
</testsuite>
