<?xml version="1.0" encoding="UTF-8"?>
<testsuite name="TriangleGetTypeFlagsUnitTest" tests="9" skipped="0" failures="0" errors="0" timestamp="2026-06-02T20:05:43" hostname="localhost" time="0.036">
  <properties/>
  <testcase name="getTypeFlagsReturnsEquilateralIndependentlyOfMockedChecker()" classname="TriangleGetTypeFlagsUnitTest" time="0.025"/>
  <testcase name="getTypeFlagsReturnsIsoscelesAtJustValidBoundary()" classname="TriangleGetTypeFlagsUnitTest" time="0.002"/>
  <testcase name="getTypeFlagsCombinesIsoscelesAndRightAngledWhenMockSaysRight()" classname="TriangleGetTypeFlagsUnitTest" time="0.002"/>
  <testcase name="getTypeFlagsReturnsImpossibleAndNeverCallsCheckerForNegativeSide()" classname="TriangleGetTypeFlagsUnitTest" time="0.001"/>
  <testcase name="getTypeFlagsReturnsScaleneAndRightAngledWhenMockSaysRight()" classname="TriangleGetTypeFlagsUnitTest" time="0.001"/>
  <testcase name="getTypeFlagsReturnsImpossibleAndNeverCallsCheckerForZeroSide()" classname="TriangleGetTypeFlagsUnitTest" time="0.001"/>
  <testcase name="getTypeFlagsReturnsImpossibleAndNeverCallsCheckerForTriangleInequality()" classname="TriangleGetTypeFlagsUnitTest" time="0.0"/>
  <testcase name="getTypeFlagsReturnsScaleneOnlyWhenMockSaysNotRight()" classname="TriangleGetTypeFlagsUnitTest" time="0.001"/>
  <testcase name="getTypeFlagsReturnsIsoscelesForExactlyTwoEqualSides()" classname="TriangleGetTypeFlagsUnitTest" time="0.001"/>
  <system-out><![CDATA[]]></system-out>
  <system-err><![CDATA[]]></system-err>
</testsuite>
